#
# A fatal error has been detected by the Java Runtime Environment:
#
#  SIGSEGV (0xb) at pc=0x00007fff82f5dfb9, pid=30990, tid=8967
#
# JRE version: Java(TM) SE Runtime Environment (7.0_45-b18) (build 1.7.0_45-b18)
# Java VM: Java HotSpot(TM) 64-Bit Server VM (24.45-b08 mixed mode bsd-amd64 compressed oops)
# Problematic frame:
# C  [CoreGraphics+0x5efb9]  decode_byte_8bpc_3+0x14d
#
# Failed to write core dump. Core dumps have been disabled. To enable core dumping, try "ulimit -c unlimited" before starting Java again
#
# If you would like to submit a bug report, please visit:
#   http://bugreport.sun.com/bugreport/crash.jsp
# The crash happened outside the Java Virtual Machine in native code.
# See problematic frame for where to report the bug.
#

---------------  T H R E A D  ---------------

Current thread (0x00007fc1430a0800):  JavaThread "AppKit Thread" daemon [_thread_in_native, id=8967, stack(0x00007fff58335000,0x00007fff583b5000)]

siginfo:si_signo=SIGSEGV: si_errno=0, si_code=1 (SEGV_MAPERR), si_addr=0x0000000115a32102

Registers:
RAX=0x000000000000013f, RBX=0x00000000fffffec0, RCX=0x0000000115a32100, RDX=0x0000000115c0e3c0
RSP=0x00007fff583ac9a8, RBP=0x00007fff583ac9d0, RSI=0x0000000115c0e3c0, RDI=0x0000000000000140
R8 =0x0000000115a32100, R9 =0x0000000000000500, R10=0x0000000000000000, R11=0x0000000000000000
R12=0x0000000000000001, R13=0x0000000000000002, R14=0x00000000000003c0, R15=0x0000000000000004
RIP=0x00007fff82f5dfb9, EFLAGS=0x0000000000010216, ERR=0x0000000000000004
  TRAPNO=0x000000000000000e

Top of Stack: (sp=0x00007fff583ac9a8)
0x00007fff583ac9a8:   00000000ffffffff 0000000000000000
0x00007fff583ac9b8:   00000000000003c0 0000000000000004
0x00007fff583ac9c8:   0000000000000001 00007fff583acb50
0x00007fff583ac9d8:   00007fff82f4d97a 0000000115c0e3c0
0x00007fff583ac9e8:   00007fc1000003c0 0000000000000000
0x00007fff583ac9f8:   00007fc141f98668 0000000000000000
0x00007fff583aca08:   00007fc141f94a00 00007fc141f98ac0
0x00007fff583aca18:   00007fc141f98c90 00007fff583aca40
0x00007fff583aca28:   00007fff8bbd03fe 0000000000000000
0x00007fff583aca38:   00007fff731b2060 00007fff583acaa0
0x00007fff583aca48:   0000000107864000 0000000000001001
0x00007fff583aca58:   0000000000000003 0000000107868400
0x00007fff583aca68:   00007fc141f98ac0 ff80000000001001
0x00007fff583aca78:   0000000000000000 00007fc141f97e70
0x00007fff583aca88:   0000000000000000 0000000000000008
0x00007fff583aca98:   0000000000000003 0000000000000000
0x00007fff583acaa8:   0000000107864000 00007fff00000003
0x00007fff583acab8:   00007fff00000000 0000000107894000
0x00007fff583acac8:   0000000000000030 0000000000000000
0x00007fff583acad8:   0000000000000500 00007fff00000000
0x00007fff583acae8:   00007fff84fbd27c 0000000000000000
0x00007fff583acaf8:   0000000000000000 00007fff583acb90
0x00007fff583acb08:   00007fffffffffff 000000ef00000001
0x00007fff583acb18:   0000000115a32100 0000000000000000
0x00007fff583acb28:   00007fff583ace30 00007fff583acf20
0x00007fff583acb38:   00007fc141f97f10 00000000000000ef
0x00007fff583acb48:   00000000000000ef 00007fff583acc40
0x00007fff583acb58:   00007fff82f485b9 00007fc1000003c0
0x00007fff583acb68:   0000000000000000 00007fff00000000
0x00007fff583acb78:   00007fff82f4855c 0000000107864000
0x00007fff583acb88:   00000000000000f0 0000000000000000
0x00007fff583acb98:   0000000107864000 00007fff583acc80 

Instructions: (pc=0x00007fff82f5dfb9)
0x00007fff82f5df99:   48 8d 3c 40 4c 63 e1 4c 63 ea 4d 63 d3 4d 63 f6
0x00007fff82f5dfa9:   49 83 c6 03 49 01 fe 8b 7d d0 48 89 f2 4c 89 c1
0x00007fff82f5dfb9:   46 8a 1c 29 42 8a 04 21 42 8a 1c 11 88 1a 88 42
0x00007fff82f5dfc9:   01 44 88 5a 02 4c 01 f9 48 83 c2 03 ff cf 85 ff 

Register to memory mapping:

RAX=0x000000000000013f is an unknown value
RBX=0x00000000fffffec0 is an unknown value
RCX=0x0000000115a32100 is an unknown value
RDX=0x0000000115c0e3c0 is an unknown value
RSP=0x00007fff583ac9a8 is pointing into the stack for thread: 0x00007fc1430a0800
RBP=0x00007fff583ac9d0 is pointing into the stack for thread: 0x00007fc1430a0800
RSI=0x0000000115c0e3c0 is an unknown value
RDI=0x0000000000000140 is an unknown value
R8 =0x0000000115a32100 is an unknown value
R9 =0x0000000000000500 is an unknown value
R10=0x0000000000000000 is an unknown value
R11=0x0000000000000000 is an unknown value
R12=0x0000000000000001 is an unknown value
R13=0x0000000000000002 is an unknown value
R14=0x00000000000003c0 is an unknown value
R15=0x0000000000000004 is an unknown value


Stack: [0x00007fff58335000,0x00007fff583b5000],  sp=0x00007fff583ac9a8,  free space=478k
Native frames: (J=compiled Java code, j=interpreted, Vv=VM code, C=native code)
C  [CoreGraphics+0x5efb9]  decode_byte_8bpc_3+0x14d
C  [CoreGraphics+0x4e97a]  decode_data+0x49a5
C  [CoreGraphics+0x495b9]  img_decode_read+0x153
C  [CoreGraphics+0x49369]  img_colormatch_read+0x169
C  [CoreGraphics+0x2f512]  img_data_lock+0x1d66
C  [CoreGraphics+0x2c800]  CGSImageDataLock+0x95
C  [libRIP.A.dylib+0xdb3c]  ripc_AcquireImage+0x301
C  [libRIP.A.dylib+0xcb85]  ripc_DrawImage+0x401
C  [CoreGraphics+0x2c3a4]  CGContextDrawImage+0x1c9
C  [AppKit+0x194a62]  __74-[NSImageRep drawInRect:fromRect:operation:fraction:respectFlipped:hints:]_block_invoke+0x343
C  [AppKit+0x194508]  -[NSImageRep drawInRect:fromRect:operation:fraction:respectFlipped:hints:]+0x431
C  [AppKit+0x193e4e]  __71-[NSImage drawInRect:fromRect:operation:fraction:respectFlipped:hints:]_block_invoke+0x380
C  [AppKit+0x11f3d6]  -[NSImage _usingBestRepresentationForRect:context:hints:body:]+0xaa
C  [AppKit+0x1939cc]  -[NSImage drawInRect:fromRect:operation:fraction:respectFlipped:hints:]+0x5a7
C  [libopencv_highgui.2.4.8.dylib+0x13561]  -[CVView drawRect:]+0x2c1
C  [AppKit+0x18316f]  -[NSView _drawRect:clip:]+0xea4
C  [AppKit+0x1819e4]  -[NSView _recursiveDisplayAllDirtyWithLockFocus:visRect:]+0x707
C  [AppKit+0x17f826]  -[NSView _recursiveDisplayRectIfNeededIgnoringOpacity:isVisibleRect:rectIsVisibleRectForView:topView:]+0x349
C  [AppKit+0x180ce4]  -[NSView _recursiveDisplayRectIfNeededIgnoringOpacity:isVisibleRect:rectIsVisibleRectForView:topView:]+0x1807
C  [AppKit+0x17efd1]  -[NSThemeFrame _recursiveDisplayRectIfNeededIgnoringOpacity:isVisibleRect:rectIsVisibleRectForView:topView:]+0x13a
C  [AppKit+0x17bfbf]  -[NSView _displayRectIgnoringOpacity:isVisibleRect:rectIsVisibleRectForView:]+0xb0c
C  [AppKit+0x15b42a]  -[NSView displayIfNeeded]+0x690
C  [AppKit+0x1c085e]  _handleWindowNeedsDisplayOrLayoutOrUpdateConstraints+0x374
C  [AppKit+0x796061]  __83-[NSWindow _postWindowNeedsDisplayOrLayoutOrUpdateConstraintsUnlessPostingDisabled]_block_invoke1331+0x2e
C  [CoreFoundation+0x7eee7]  __CFRUNLOOP_IS_CALLING_OUT_TO_AN_OBSERVER_CALLBACK_FUNCTION__+0x17
C  [CoreFoundation+0x7ee57]  __CFRunLoopDoObservers+0x187
C  [CoreFoundation+0x705f8]  __CFRunLoopRun+0x308
C  [CoreFoundation+0x700b5]  CFRunLoopRunSpecific+0x135
C  [HIToolbox+0x2ea0d]  RunCurrentEventLoopInMode+0xe2
C  [HIToolbox+0x2e7b7]  ReceiveNextEventCommon+0x1df
C  [HIToolbox+0x2e5bc]  _BlockUntilNextEventMatchingListInModeWithFilter+0x41
C  [AppKit+0x243de]  _DPSNextEvent+0x59a
C  [AppKit+0x23a2b]  -[NSApplication nextEventMatchingMask:untilDate:inMode:dequeue:]+0x7a
C  [libosxapp.dylib+0x16f4]  -[NSApplicationAWT nextEventMatchingMask:untilDate:inMode:dequeue:]+0x7c
C  [AppKit+0x17b2c]  -[NSApplication run]+0x229
C  [libosxapp.dylib+0x1557]  +[NSApplicationAWT runAWTLoopWithApp:]+0x9c
C  [liblwawt.dylib+0xdba9]  -[AWTStarter starter:]+0x369
C  [Foundation+0x6313e]  __NSThreadPerformPerform+0xe5
C  [CoreFoundation+0x7f731]  __CFRUNLOOP_IS_CALLING_OUT_TO_A_SOURCE0_PERFORM_FUNCTION__+0x11
C  [CoreFoundation+0x70ea2]  __CFRunLoopDoSources0+0xf2
C  [CoreFoundation+0x7062f]  __CFRunLoopRun+0x33f
C  [CoreFoundation+0x700b5]  CFRunLoopRunSpecific+0x135
C  [java+0x73b0]  CreateExecutionEnvironment+0x367
C  [java+0x1b5c]  JLI_Launch+0x7a0
C  [java+0x770d]  main+0x65
C  [java+0x13b4]  start+0x34


---------------  P R O C E S S  ---------------

Java Threads: ( => current thread )
  0x00007fc1439ca000 JavaThread "DestroyJavaVM" [_thread_blocked, id=3335, stack(0x0000000108c54000,0x0000000108d54000)]
  0x00007fc143948000 JavaThread "AWT-EventQueue-0" [_thread_blocked, id=72459, stack(0x0000000115a9e000,0x0000000115b9e000)]
  0x00007fc14291c000 JavaThread "Java2D Disposer" daemon [_thread_blocked, id=65287, stack(0x0000000115803000,0x0000000115903000)]
  0x00007fc1430d0000 JavaThread "Java2D Queue Flusher" daemon [_thread_blocked, id=48391, stack(0x000000011535c000,0x000000011545c000)]
  0x00007fc1430a1000 JavaThread "AWT-Shutdown" [_thread_blocked, id=27667, stack(0x000000011234f000,0x000000011244f000)]
=>0x00007fc1430a0800 JavaThread "AppKit Thread" daemon [_thread_in_native, id=8967, stack(0x00007fff58335000,0x00007fff583b5000)]
  0x00007fc142014000 JavaThread "Thread-1" [_thread_in_native, id=20739, stack(0x00000001107ed000,0x00000001108ed000)]
  0x00007fc143045000 JavaThread "Thread-0" [_thread_in_native, id=20227, stack(0x00000001106ea000,0x00000001107ea000)]
  0x00007fc142825000 JavaThread "Service Thread" daemon [_thread_blocked, id=19203, stack(0x0000000110462000,0x0000000110562000)]
  0x00007fc142824800 JavaThread "C2 CompilerThread1" daemon [_thread_blocked, id=18691, stack(0x000000011035f000,0x000000011045f000)]
  0x00007fc142823000 JavaThread "C2 CompilerThread0" daemon [_thread_blocked, id=18179, stack(0x000000011025c000,0x000000011035c000)]
  0x00007fc143044800 JavaThread "Signal Dispatcher" daemon [_thread_blocked, id=17667, stack(0x0000000110159000,0x0000000110259000)]
  0x00007fc143802800 JavaThread "Finalizer" daemon [_thread_blocked, id=12547, stack(0x000000010ff17000,0x0000000110017000)]
  0x00007fc14281a000 JavaThread "Reference Handler" daemon [_thread_blocked, id=12035, stack(0x000000010fe14000,0x000000010ff14000)]

Other Threads:
  0x00007fc142819000 VMThread [stack: 0x000000010fd11000,0x000000010fe11000] [id=11523]
  0x00007fc142821000 WatcherThread [stack: 0x0000000110565000,0x0000000110665000] [id=19715]

VM state:not at safepoint (normal execution)

VM Mutex/Monitor currently owned by a thread: None

Heap
 PSYoungGen      total 19456K, used 17984K [0x00000007eaa80000, 0x00000007ec000000, 0x0000000800000000)
  eden space 16896K, 91% used [0x00000007eaa80000,0x00000007eb996570,0x00000007ebb00000)
  from space 2560K, 99% used [0x00000007ebb00000,0x00000007ebd79bf8,0x00000007ebd80000)
  to   space 2560K, 0% used [0x00000007ebd80000,0x00000007ebd80000,0x00000007ec000000)
 ParOldGen       total 43520K, used 8369K [0x00000007c0000000, 0x00000007c2a80000, 0x00000007eaa80000)
  object space 43520K, 19% used [0x00000007c0000000,0x00000007c082c750,0x00000007c2a80000)
 PSPermGen       total 21504K, used 10808K [0x00000007bae00000, 0x00000007bc300000, 0x00000007c0000000)
  object space 21504K, 50% used [0x00000007bae00000,0x00000007bb88e3f8,0x00000007bc300000)

Card table byte_map: [0x000000010be16000,0x000000010c040000] byte_map_base: 0x000000010803f000

Polling page: 0x000000010799c000

Code Cache  [0x0000000108d56000, 0x0000000108fc6000, 0x000000010bd56000)
 total_blobs=550 nmethods=49 adapters=455 free_code_cache=48490Kb largest_free_block=49640384

Compilation events (10 events):
Event: 2.432 Thread 0x00007fc142824800   45             sun.misc.MetaIndex::mayContain (51 bytes)
Event: 2.437 Thread 0x00007fc142823000   46             java.util.ArrayList::size (5 bytes)
Event: 2.437 Thread 0x00007fc142823000 nmethod 46 0x0000000108df1690 code [0x0000000108df17c0, 0x0000000108df1818]
Event: 2.439 Thread 0x00007fc142823000   47             java.net.URI::match (56 bytes)
Event: 2.439 Thread 0x00007fc142824800 nmethod 45 0x0000000108df1010 code [0x0000000108df1180, 0x0000000108df1428]
Event: 2.440 Thread 0x00007fc142823000 nmethod 47 0x0000000108df0dd0 code [0x0000000108df0f00, 0x0000000108df0f98]
Event: 2.441 Thread 0x00007fc142824800   48             java.lang.StringBuilder::append (8 bytes)
Event: 2.448 Thread 0x00007fc142824800 nmethod 48 0x0000000108df7c10 code [0x0000000108df7d80, 0x0000000108df8158]
Event: 2.473 Thread 0x00007fc142823000   49             java.lang.String::indexOf (7 bytes)
Event: 2.474 Thread 0x00007fc142823000 nmethod 49 0x0000000108dfe8d0 code [0x0000000108dfea20, 0x0000000108dfeb08]

GC Heap History (2 events):
Event: 1.859 GC heap before
{Heap before GC invocations=1 (full 0):
 PSYoungGen      total 19456K, used 16353K [0x00000007eaa80000, 0x00000007ec000000, 0x0000000800000000)
  eden space 16896K, 96% used [0x00000007eaa80000,0x00000007eba78770,0x00000007ebb00000)
  from space 2560K, 0% used [0x00000007ebd80000,0x00000007ebd80000,0x00000007ec000000)
  to   space 2560K, 0% used [0x00000007ebb00000,0x00000007ebb00000,0x00000007ebd80000)
 ParOldGen       total 43520K, used 0K [0x00000007c0000000, 0x00000007c2a80000, 0x00000007eaa80000)
  object space 43520K, 0% used [0x00000007c0000000,0x00000007c0000000,0x00000007c2a80000)
 PSPermGen       total 21504K, used 10104K [0x00000007bae00000, 0x00000007bc300000, 0x00000007c0000000)
  object space 21504K, 46% used [0x00000007bae00000,0x00000007bb7de240,0x00000007bc300000)
Event: 1.872 GC heap after
Heap after GC invocations=1 (full 0):
 PSYoungGen      total 19456K, used 2534K [0x00000007eaa80000, 0x00000007ec000000, 0x0000000800000000)
  eden space 16896K, 0% used [0x00000007eaa80000,0x00000007eaa80000,0x00000007ebb00000)
  from space 2560K, 99% used [0x00000007ebb00000,0x00000007ebd79bf8,0x00000007ebd80000)
  to   space 2560K, 0% used [0x00000007ebd80000,0x00000007ebd80000,0x00000007ec000000)
 ParOldGen       total 43520K, used 8369K [0x00000007c0000000, 0x00000007c2a80000, 0x00000007eaa80000)
  object space 43520K, 19% used [0x00000007c0000000,0x00000007c082c750,0x00000007c2a80000)
 PSPermGen       total 21504K, used 10104K [0x00000007bae00000, 0x00000007bc300000, 0x00000007c0000000)
  object space 21504K, 46% used [0x00000007bae00000,0x00000007bb7de240,0x00000007bc300000)
}

Deoptimization events (2 events):
Event: 0.470 Thread 0x00007fc1430a0800 Uncommon trap: reason=null_check action=make_not_entrant pc=0x0000000108dba150 method=java.lang.String.equals(Ljava/lang/Object;)Z @ 8
Event: 1.600 Thread 0x00007fc143948000 Uncommon trap: reason=unloaded action=reinterpret pc=0x0000000108ddb800 method=java.lang.CharacterData.of(I)Ljava/lang/CharacterData; @ 96

Internal exceptions (10 events):
Event: 2.479 Thread 0x00007fc143045000 Threw 0x00000007eb8ec4d8 at /HUDSON/workspace/7u-2-build-macosx-x86_64/jdk7u45/229/hotspot/src/share/vm/prims/jvm.cpp:1244
Event: 2.479 Thread 0x00007fc143045000 Threw 0x00000007eb8f28e0 at /HUDSON/workspace/7u-2-build-macosx-x86_64/jdk7u45/229/hotspot/src/share/vm/prims/jvm.cpp:1244
Event: 2.480 Thread 0x00007fc143045000 Threw 0x00000007eb8f84d0 at /HUDSON/workspace/7u-2-build-macosx-x86_64/jdk7u45/229/hotspot/src/share/vm/prims/jvm.cpp:1244
Event: 2.480 Thread 0x00007fc143045000 Threw 0x00000007eb8fe020 at /HUDSON/workspace/7u-2-build-macosx-x86_64/jdk7u45/229/hotspot/src/share/vm/prims/jvm.cpp:1244
Event: 2.481 Thread 0x00007fc143045000 Threw 0x00000007eb9051c0 at /HUDSON/workspace/7u-2-build-macosx-x86_64/jdk7u45/229/hotspot/src/share/vm/prims/jvm.cpp:1244
Event: 2.482 Thread 0x00007fc143045000 Threw 0x00000007eb90b2b8 at /HUDSON/workspace/7u-2-build-macosx-x86_64/jdk7u45/229/hotspot/src/share/vm/prims/jvm.cpp:1244
Event: 2.482 Thread 0x00007fc143045000 Threw 0x00000007eb90fb58 at /HUDSON/workspace/7u-2-build-macosx-x86_64/jdk7u45/229/hotspot/src/share/vm/prims/jvm.cpp:1244
Event: 2.483 Thread 0x00007fc143045000 Threw 0x00000007eb915348 at /HUDSON/workspace/7u-2-build-macosx-x86_64/jdk7u45/229/hotspot/src/share/vm/prims/jvm.cpp:1244
Event: 2.483 Thread 0x00007fc143045000 Threw 0x00000007eb91a328 at /HUDSON/workspace/7u-2-build-macosx-x86_64/jdk7u45/229/hotspot/src/share/vm/prims/jvm.cpp:1244
Event: 2.484 Thread 0x00007fc143045000 Threw 0x00000007eb91ec80 at /HUDSON/workspace/7u-2-build-macosx-x86_64/jdk7u45/229/hotspot/src/share/vm/prims/jvm.cpp:1244

Events (10 events):
Event: 6.381 loading class 0x00007fc14213f390
Event: 6.381 loading class 0x00007fc14213f390 done
Event: 6.381 loading class 0x00007fc14213eb90
Event: 6.381 loading class 0x00007fc14213eb90 done
Event: 6.382 loading class 0x00007fc14306c400
Event: 6.382 loading class 0x00007fc14306c400 done
Event: 6.382 loading class 0x00007fc1430626e0
Event: 6.382 loading class 0x00007fc1430626e0 done
Event: 6.411 loading class 0x00007fc14213f3c0
Event: 6.411 loading class 0x00007fc14213f3c0 done


Dynamic libraries:
0x0000000001715000 	/System/Library/Frameworks/Cocoa.framework/Versions/A/Cocoa
0x0000000001715000 	/System/Library/Frameworks/Security.framework/Versions/A/Security
0x0000000001715000 	/System/Library/Frameworks/ApplicationServices.framework/Versions/A/ApplicationServices
0x0000000001715000 	/usr/lib/libz.1.dylib
0x0000000001715000 	/usr/lib/libSystem.B.dylib
0x0000000001715000 	/usr/lib/libobjc.A.dylib
0x0000000001715000 	/System/Library/Frameworks/CoreFoundation.framework/Versions/A/CoreFoundation
0x0000000001715000 	/System/Library/Frameworks/Foundation.framework/Versions/C/Foundation
0x0000000001715000 	/System/Library/Frameworks/AppKit.framework/Versions/C/AppKit
0x0000000001715000 	/System/Library/Frameworks/CoreData.framework/Versions/A/CoreData
0x0000000001715000 	/System/Library/PrivateFrameworks/RemoteViewServices.framework/Versions/A/RemoteViewServices
0x0000000001715000 	/System/Library/Frameworks/AudioToolbox.framework/Versions/A/AudioToolbox
0x0000000001715000 	/System/Library/Frameworks/AudioUnit.framework/Versions/A/AudioUnit
0x0000000001715000 	/System/Library/PrivateFrameworks/DataDetectorsCore.framework/Versions/A/DataDetectorsCore
0x0000000001715000 	/System/Library/PrivateFrameworks/DesktopServicesPriv.framework/Versions/A/DesktopServicesPriv
0x0000000001715000 	/System/Library/Frameworks/Carbon.framework/Versions/A/Frameworks/HIToolbox.framework/Versions/A/HIToolbox
0x0000000001715000 	/System/Library/Frameworks/QuartzCore.framework/Versions/A/QuartzCore
0x0000000001715000 	/System/Library/Frameworks/Carbon.framework/Versions/A/Frameworks/SpeechRecognition.framework/Versions/A/SpeechRecognition
0x0000000001715000 	/usr/lib/libauto.dylib
0x0000000001715000 	/usr/lib/libicucore.A.dylib
0x0000000001715000 	/usr/lib/libxml2.2.dylib
0x0000000001715000 	/System/Library/PrivateFrameworks/CoreUI.framework/Versions/A/CoreUI
0x0000000001715000 	/System/Library/Frameworks/CoreAudio.framework/Versions/A/CoreAudio
0x0000000001715000 	/System/Library/Frameworks/DiskArbitration.framework/Versions/A/DiskArbitration
0x0000000001715000 	/usr/lib/liblangid.dylib
0x0000000001715000 	/System/Library/PrivateFrameworks/MultitouchSupport.framework/Versions/A/MultitouchSupport
0x0000000001715000 	/System/Library/Frameworks/IOKit.framework/Versions/A/IOKit
0x0000000001715000 	/usr/lib/libDiagnosticMessagesClient.dylib
0x0000000001715000 	/System/Library/Frameworks/CoreServices.framework/Versions/A/CoreServices
0x0000000001715000 	/System/Library/PrivateFrameworks/PerformanceAnalysis.framework/Versions/A/PerformanceAnalysis
0x0000000001715000 	/System/Library/PrivateFrameworks/GenerationalStorage.framework/Versions/A/GenerationalStorage
0x0000000001715000 	/System/Library/Frameworks/OpenGL.framework/Versions/A/OpenGL
0x0000000001715000 	/System/Library/PrivateFrameworks/Sharing.framework/Versions/A/Sharing
0x0000000001715000 	/System/Library/Frameworks/ImageIO.framework/Versions/A/ImageIO
0x0000000001715000 	/System/Library/Frameworks/CoreText.framework/Versions/A/CoreText
0x0000000001715000 	/System/Library/Frameworks/CoreGraphics.framework/Versions/A/CoreGraphics
0x0000000001715000 	/System/Library/PrivateFrameworks/Backup.framework/Versions/A/Backup
0x0000000001715000 	/System/Library/Frameworks/CFNetwork.framework/Versions/A/CFNetwork
0x0000000001715000 	/System/Library/Frameworks/SystemConfiguration.framework/Versions/A/SystemConfiguration
0x0000000001715000 	/usr/lib/libCRFSuite.dylib
0x0000000001715000 	/usr/lib/libc++.1.dylib
0x0000000001715000 	/usr/lib/libc++abi.dylib
0x0000000001715000 	/usr/lib/system/libcache.dylib
0x0000000001715000 	/usr/lib/system/libcommonCrypto.dylib
0x0000000001715000 	/usr/lib/system/libcompiler_rt.dylib
0x0000000001715000 	/usr/lib/system/libcopyfile.dylib
0x0000000001715000 	/usr/lib/system/libcorecrypto.dylib
0x0000000001715000 	/usr/lib/system/libdispatch.dylib
0x0000000001715000 	/usr/lib/system/libdyld.dylib
0x0000000001715000 	/usr/lib/system/libkeymgr.dylib
0x0000000001715000 	/usr/lib/system/liblaunch.dylib
0x0000000001715000 	/usr/lib/system/libmacho.dylib
0x0000000001715000 	/usr/lib/system/libquarantine.dylib
0x0000000001715000 	/usr/lib/system/libremovefile.dylib
0x0000000001715000 	/usr/lib/system/libsystem_asl.dylib
0x0000000001715000 	/usr/lib/system/libsystem_blocks.dylib
0x0000000001715000 	/usr/lib/system/libsystem_c.dylib
0x0000000001715000 	/usr/lib/system/libsystem_configuration.dylib
0x0000000001715000 	/usr/lib/system/libsystem_dnssd.dylib
0x0000000001715000 	/usr/lib/system/libsystem_info.dylib
0x0000000001715000 	/usr/lib/system/libsystem_kernel.dylib
0x0000000001715000 	/usr/lib/system/libsystem_m.dylib
0x0000000001715000 	/usr/lib/system/libsystem_malloc.dylib
0x0000000001715000 	/usr/lib/system/libsystem_network.dylib
0x0000000001715000 	/usr/lib/system/libsystem_notify.dylib
0x0000000001715000 	/usr/lib/system/libsystem_platform.dylib
0x0000000001715000 	/usr/lib/system/libsystem_pthread.dylib
0x0000000001715000 	/usr/lib/system/libsystem_sandbox.dylib
0x0000000001715000 	/usr/lib/system/libsystem_stats.dylib
0x0000000001715000 	/usr/lib/system/libunc.dylib
0x0000000001715000 	/usr/lib/system/libunwind.dylib
0x0000000001715000 	/usr/lib/system/libxpc.dylib
0x0000000001715000 	/usr/lib/libbsm.0.dylib
0x0000000001715000 	/usr/lib/libsqlite3.dylib
0x0000000001715000 	/usr/lib/libxar.1.dylib
0x0000000001715000 	/usr/lib/libpam.2.dylib
0x0000000001715000 	/usr/lib/libOpenScriptingUtil.dylib
0x0000000001715000 	/usr/lib/libbz2.1.0.dylib
0x0000000001715000 	/System/Library/Frameworks/CoreServices.framework/Versions/A/Frameworks/CarbonCore.framework/Versions/A/CarbonCore
0x0000000001715000 	/System/Library/Frameworks/CoreServices.framework/Versions/A/Frameworks/Metadata.framework/Versions/A/Metadata
0x0000000001715000 	/System/Library/Frameworks/CoreServices.framework/Versions/A/Frameworks/OSServices.framework/Versions/A/OSServices
0x0000000001715000 	/System/Library/Frameworks/CoreServices.framework/Versions/A/Frameworks/SearchKit.framework/Versions/A/SearchKit
0x0000000001715000 	/System/Library/Frameworks/CoreServices.framework/Versions/A/Frameworks/AE.framework/Versions/A/AE
0x0000000001715000 	/System/Library/Frameworks/CoreServices.framework/Versions/A/Frameworks/LaunchServices.framework/Versions/A/LaunchServices
0x0000000001715000 	/System/Library/Frameworks/CoreServices.framework/Versions/A/Frameworks/DictionaryServices.framework/Versions/A/DictionaryServices
0x0000000001715000 	/System/Library/Frameworks/NetFS.framework/Versions/A/NetFS
0x0000000001715000 	/usr/lib/system/libkxld.dylib
0x0000000001715000 	/System/Library/PrivateFrameworks/NetAuth.framework/Versions/A/NetAuth
0x0000000001715000 	/System/Library/PrivateFrameworks/TCC.framework/Versions/A/TCC
0x0000000001715000 	/System/Library/Frameworks/OpenDirectory.framework/Versions/A/Frameworks/CFOpenDirectory.framework/Versions/A/CFOpenDirectory
0x0000000001715000 	/System/Library/Frameworks/ServiceManagement.framework/Versions/A/ServiceManagement
0x0000000001715000 	/usr/lib/libxslt.1.dylib
0x0000000001715000 	/System/Library/Frameworks/Carbon.framework/Versions/A/Frameworks/Ink.framework/Versions/A/Ink
0x0000000001715000 	/System/Library/Frameworks/ApplicationServices.framework/Versions/A/Frameworks/ATS.framework/Versions/A/ATS
0x0000000001715000 	/System/Library/Frameworks/ApplicationServices.framework/Versions/A/Frameworks/ColorSync.framework/Versions/A/ColorSync
0x0000000001715000 	/System/Library/Frameworks/ApplicationServices.framework/Versions/A/Frameworks/HIServices.framework/Versions/A/HIServices
0x0000000001715000 	/System/Library/Frameworks/ApplicationServices.framework/Versions/A/Frameworks/LangAnalysis.framework/Versions/A/LangAnalysis
0x0000000001715000 	/System/Library/Frameworks/ApplicationServices.framework/Versions/A/Frameworks/PrintCore.framework/Versions/A/PrintCore
0x0000000001715000 	/System/Library/Frameworks/ApplicationServices.framework/Versions/A/Frameworks/QD.framework/Versions/A/QD
0x0000000001715000 	/System/Library/Frameworks/ApplicationServices.framework/Versions/A/Frameworks/SpeechSynthesis.framework/Versions/A/SpeechSynthesis
0x0000000001715000 	/System/Library/Frameworks/IOSurface.framework/Versions/A/IOSurface
0x0000000001715000 	/System/Library/Frameworks/Accelerate.framework/Versions/A/Accelerate
0x0000000001715000 	/System/Library/Frameworks/Accelerate.framework/Versions/A/Frameworks/vImage.framework/Versions/A/vImage
0x0000000001715000 	/System/Library/Frameworks/Accelerate.framework/Versions/A/Frameworks/vecLib.framework/Versions/A/vecLib
0x0000000001715000 	/System/Library/Frameworks/Accelerate.framework/Versions/A/Frameworks/vecLib.framework/Versions/A/libvDSP.dylib
0x0000000001715000 	/System/Library/Frameworks/Accelerate.framework/Versions/A/Frameworks/vecLib.framework/Versions/A/libvMisc.dylib
0x0000000001715000 	/System/Library/Frameworks/Accelerate.framework/Versions/A/Frameworks/vecLib.framework/Versions/A/libLAPACK.dylib
0x0000000001715000 	/System/Library/Frameworks/Accelerate.framework/Versions/A/Frameworks/vecLib.framework/Versions/A/libBLAS.dylib
0x0000000001715000 	/System/Library/Frameworks/ApplicationServices.framework/Versions/A/Frameworks/ATS.framework/Versions/A/Resources/libFontParser.dylib
0x0000000001715000 	/System/Library/Frameworks/ApplicationServices.framework/Versions/A/Frameworks/ATS.framework/Versions/A/Resources/libFontRegistry.dylib
0x0000000001715000 	/System/Library/Frameworks/ImageIO.framework/Versions/A/Resources/libJPEG.dylib
0x0000000001715000 	/System/Library/Frameworks/ImageIO.framework/Versions/A/Resources/libTIFF.dylib
0x0000000001715000 	/System/Library/Frameworks/ImageIO.framework/Versions/A/Resources/libPng.dylib
0x0000000001715000 	/System/Library/Frameworks/ImageIO.framework/Versions/A/Resources/libGIF.dylib
0x0000000001715000 	/System/Library/Frameworks/ImageIO.framework/Versions/A/Resources/libJP2.dylib
0x0000000001715000 	/System/Library/Frameworks/ImageIO.framework/Versions/A/Resources/libRadiance.dylib
0x0000000001715000 	/usr/lib/libcups.2.dylib
0x0000000001715000 	/System/Library/Frameworks/Kerberos.framework/Versions/A/Kerberos
0x0000000001715000 	/System/Library/Frameworks/GSS.framework/Versions/A/GSS
0x0000000001715000 	/usr/lib/libresolv.9.dylib
0x0000000001715000 	/usr/lib/libiconv.2.dylib
0x0000000001715000 	/System/Library/PrivateFrameworks/Heimdal.framework/Versions/A/Heimdal
0x0000000001715000 	/System/Library/PrivateFrameworks/TrustEvaluationAgent.framework/Versions/A/TrustEvaluationAgent
0x0000000001715000 	/usr/lib/libheimdal-asn1.dylib
0x0000000001715000 	/System/Library/Frameworks/OpenDirectory.framework/Versions/A/OpenDirectory
0x0000000001715000 	/System/Library/PrivateFrameworks/CommonAuth.framework/Versions/A/CommonAuth
0x0000000001715000 	/System/Library/Frameworks/SecurityFoundation.framework/Versions/A/SecurityFoundation
0x0000000001715000 	/System/Library/PrivateFrameworks/Bom.framework/Versions/A/Bom
0x0000000001715000 	/System/Library/Frameworks/CoreVideo.framework/Versions/A/CoreVideo
0x0000000001715000 	/System/Library/Frameworks/QuartzCore.framework/Versions/A/Frameworks/CoreImage.framework/Versions/A/CoreImage
0x0000000001715000 	/System/Library/Frameworks/QuartzCore.framework/Versions/A/Frameworks/ScalableUserInterface.framework/Versions/A/ScalableUserInterface
0x0000000001715000 	/System/Library/Frameworks/OpenGL.framework/Versions/A/Libraries/libGLU.dylib
0x0000000001715000 	/System/Library/Frameworks/OpenGL.framework/Versions/A/Libraries/libGFXShared.dylib
0x0000000001715000 	/System/Library/Frameworks/OpenGL.framework/Versions/A/Libraries/libGL.dylib
0x0000000001715000 	/System/Library/Frameworks/OpenGL.framework/Versions/A/Libraries/libGLImage.dylib
0x0000000001715000 	/System/Library/Frameworks/OpenGL.framework/Versions/A/Libraries/libCVMSPluginSupport.dylib
0x0000000001715000 	/System/Library/Frameworks/OpenGL.framework/Versions/A/Libraries/libCoreVMClient.dylib
0x0000000001715000 	/System/Library/PrivateFrameworks/FaceCore.framework/Versions/A/FaceCore
0x0000000001715000 	/System/Library/PrivateFrameworks/CrashReporterSupport.framework/Versions/A/CrashReporterSupport
0x0000000001715000 	/System/Library/Frameworks/OpenCL.framework/Versions/A/OpenCL
0x0000000001715000 	/System/Library/PrivateFrameworks/AppleFSCompression.framework/Versions/A/AppleFSCompression
0x0000000001715000 	/System/Library/PrivateFrameworks/Ubiquity.framework/Versions/A/Ubiquity
0x0000000001715000 	/System/Library/PrivateFrameworks/IconServices.framework/Versions/A/IconServices
0x0000000001715000 	/System/Library/PrivateFrameworks/ChunkingLibrary.framework/Versions/A/ChunkingLibrary
0x0000000001715000 	/System/Library/PrivateFrameworks/CoreSymbolication.framework/Versions/A/CoreSymbolication
0x0000000001715000 	/System/Library/PrivateFrameworks/Symbolication.framework/Versions/A/Symbolication
0x0000000001715000 	/System/Library/PrivateFrameworks/DebugSymbols.framework/Versions/A/DebugSymbols
0x0000000108200000 	/Library/Java/JavaVirtualMachines/jdk1.7.0_45.jdk/Contents/Home/jre/lib/server/libjvm.dylib
0x0000000001715000 	/usr/lib/libstdc++.6.dylib
0x000000010795f000 	/Library/Java/JavaVirtualMachines/jdk1.7.0_45.jdk/Contents/Home/jre/lib/libverify.dylib
0x000000010796c000 	/Library/Java/JavaVirtualMachines/jdk1.7.0_45.jdk/Contents/Home/jre/lib/libjava.dylib
0x00000001079a6000 	/Library/Java/JavaVirtualMachines/jdk1.7.0_45.jdk/Contents/Home/jre/lib/libzip.dylib
0x0000000110019000 	/System/Library/Frameworks/JavaVM.framework/Frameworks/JavaRuntimeSupport.framework/JavaRuntimeSupport
0x0000000110031000 	/System/Library/Frameworks/JavaVM.framework/Versions/A/Frameworks/JavaNativeFoundation.framework/Versions/A/JavaNativeFoundation
0x00000001079ef000 	/System/Library/Frameworks/JavaVM.framework/Versions/A/JavaVM
0x0000000001715000 	/System/Library/Frameworks/Carbon.framework/Versions/A/Carbon
0x0000000110046000 	/System/Library/PrivateFrameworks/JavaLaunching.framework/Versions/A/JavaLaunching
0x0000000001715000 	/System/Library/Frameworks/Carbon.framework/Versions/A/Frameworks/CommonPanels.framework/Versions/A/CommonPanels
0x0000000001715000 	/System/Library/Frameworks/Carbon.framework/Versions/A/Frameworks/Help.framework/Versions/A/Help
0x0000000001715000 	/System/Library/Frameworks/Carbon.framework/Versions/A/Frameworks/ImageCapture.framework/Versions/A/ImageCapture
0x0000000001715000 	/System/Library/Frameworks/Carbon.framework/Versions/A/Frameworks/OpenScripting.framework/Versions/A/OpenScripting
0x0000000001715000 	/System/Library/Frameworks/Carbon.framework/Versions/A/Frameworks/Print.framework/Versions/A/Print
0x0000000001715000 	/System/Library/Frameworks/Carbon.framework/Versions/A/Frameworks/SecurityHI.framework/Versions/A/SecurityHI
0x00000001108ef000 	/Library/Java/JavaVirtualMachines/jdk1.7.0_45.jdk/Contents/Home/jre/lib/libawt.dylib
0x000000011099e000 	/Library/Java/JavaVirtualMachines/jdk1.7.0_45.jdk/Contents/Home/jre/lib/./libmlib_image.dylib
0x0000000110a6a000 	/Library/Java/JavaVirtualMachines/jdk1.7.0_45.jdk/Contents/Home/jre/lib/lwawt/liblwawt.dylib
0x0000000110b1e000 	/Library/Java/JavaVirtualMachines/jdk1.7.0_45.jdk/Contents/Home/jre/lib/libosxapp.dylib
0x0000000001715000 	/System/Library/Frameworks/ExceptionHandling.framework/Versions/A/ExceptionHandling
0x0000000001715000 	/System/Library/PrivateFrameworks/CoreServicesInternal.framework/Versions/A/CoreServicesInternal
0x0000000001715000 	/System/Library/PrivateFrameworks/Librarian.framework/Versions/A/Librarian
0x0000000001715000 	/System/Library/Frameworks/CoreGraphics.framework/Versions/A/Resources/libCGCMS.A.dylib
0x0000000001715000 	/System/Library/Frameworks/CoreGraphics.framework/Versions/A/Resources/libRIP.A.dylib
0x0000000001715000 	/System/Library/Frameworks/CoreGraphics.framework/Versions/A/Resources/libCGXType.A.dylib
0x0000000001715000 	/System/Library/PrivateFrameworks/FamilyControls.framework/Versions/A/FamilyControls
0x0000000001715000 	/System/Library/PrivateFrameworks/CommerceKit.framework/Versions/A/Frameworks/CommerceCore.framework/Versions/A/CommerceCore
0x0000000001715000 	/System/Library/PrivateFrameworks/SystemAdministration.framework/Versions/A/SystemAdministration
0x0000000001715000 	/System/Library/Frameworks/DirectoryService.framework/Versions/A/DirectoryService
0x0000000001715000 	/System/Library/PrivateFrameworks/DiskImages.framework/Versions/A/DiskImages
0x0000000001715000 	/System/Library/PrivateFrameworks/LoginUIKit.framework/Versions/A/Frameworks/LoginUICore.framework/Versions/A/LoginUICore
0x0000000001715000 	/usr/lib/libCoreStorage.dylib
0x0000000001715000 	/usr/lib/libcsfde.dylib
0x0000000001715000 	/usr/lib/libodfde.dylib
0x0000000001715000 	/System/Library/Frameworks/DiscRecording.framework/Versions/A/DiscRecording
0x0000000001715000 	/usr/lib/libcurl.4.dylib
0x0000000001715000 	/System/Library/PrivateFrameworks/MediaKit.framework/Versions/A/MediaKit
0x0000000001715000 	/System/Library/PrivateFrameworks/EFILogin.framework/Versions/A/EFILogin
0x0000000001715000 	/usr/lib/libutil.dylib
0x0000000001715000 	/System/Library/PrivateFrameworks/AOSNotification.framework/Versions/A/AOSNotification
0x0000000001715000 	/System/Library/Frameworks/LDAP.framework/Versions/A/LDAP
0x0000000001715000 	/usr/lib/libsasl2.2.dylib
0x0000000001715000 	/usr/lib/libcrypto.0.9.8.dylib
0x0000000001715000 	/usr/lib/libssl.0.9.8.dylib
0x0000000114c59000 	/usr/local/lib/libopencv_core.2.4.8.dylib
0x0000000114e99000 	/usr/local/lib/libopencv_imgproc.2.4.8.dylib
0x000000011512c000 	/usr/local/lib/libopencv_highgui.2.4.8.dylib
0x0000000001715000 	/System/Library/Frameworks/QTKit.framework/Versions/A/QTKit
0x0000000001715000 	/System/Library/Frameworks/AVFoundation.framework/Versions/A/AVFoundation
0x0000000001715000 	/System/Library/Frameworks/CoreMedia.framework/Versions/A/CoreMedia
0x0000000001715000 	/System/Library/Frameworks/MediaToolbox.framework/Versions/A/MediaToolbox
0x0000000001715000 	/System/Library/Frameworks/VideoToolbox.framework/Versions/A/VideoToolbox
0x0000000001715000 	/System/Library/PrivateFrameworks/CoreMediaAuthoring.framework/Versions/A/CoreMediaAuthoring
0x0000000001715000 	/System/Library/Frameworks/CoreMediaIO.framework/Versions/A/CoreMediaIO
0x0000000001715000 	/System/Library/Frameworks/AVFoundation.framework/Versions/A/Resources/libAVFAudio.dylib
0x0000000001715000 	/System/Library/PrivateFrameworks/MediaControlSender.framework/Versions/A/MediaControlSender
0x0000000001715000 	/System/Library/PrivateFrameworks/CoreAVCHD.framework/Versions/A/CoreAVCHD
0x0000000001715000 	/System/Library/Frameworks/MediaAccessibility.framework/Versions/A/MediaAccessibility
0x0000000001715000 	/System/Library/PrivateFrameworks/Mangrove.framework/Versions/A/Mangrove
0x0000000001715000 	/System/Library/PrivateFrameworks/CoreAUC.framework/Versions/A/CoreAUC
0x0000000001715000 	/System/Library/PrivateFrameworks/Apple80211.framework/Versions/A/Apple80211
0x0000000001715000 	/System/Library/PrivateFrameworks/AppleSRP.framework/Versions/A/AppleSRP
0x0000000001715000 	/System/Library/PrivateFrameworks/CoreUtils.framework/Versions/A/CoreUtils
0x0000000001715000 	/System/Library/Frameworks/CoreWLAN.framework/Versions/A/CoreWLAN
0x0000000001715000 	/usr/lib/libpcap.A.dylib
0x0000000001715000 	/System/Library/Frameworks/CoreWiFi.framework/Versions/A/CoreWiFi
0x0000000001715000 	/System/Library/PrivateFrameworks/AppleVA.framework/Versions/A/AppleVA
0x0000000001715000 	/System/Library/PrivateFrameworks/XPCService.framework/Versions/A/XPCService
0x0000000001715000 	/System/Library/PrivateFrameworks/AppSandbox.framework/Versions/A/AppSandbox
0x0000000001715000 	/usr/lib/libsandbox.1.dylib
0x0000000001715000 	/System/Library/PrivateFrameworks/AppContainer.framework/Versions/A/AppContainer
0x0000000001715000 	/System/Library/PrivateFrameworks/SecCodeWrapper.framework/Versions/A/SecCodeWrapper
0x0000000001715000 	/usr/lib/libMatch.1.dylib
0x000000011247a000 	/private/var/folders/l5/z25rqjfx1f9b9g4c0vmn_ks80000gn/T/javacpp1396655581400894000/libjniopencv_highgui.dylib
0x0000000001715000 	/System/Library/Frameworks/OpenGL.framework/Versions/A/Resources/GLEngine.bundle/GLEngine
0x0000000001715000 	/System/Library/Frameworks/OpenGL.framework/Versions/A/Libraries/libGLProgrammability.dylib
0x0000000000000000 	/System/Library/Extensions/AppleIntelHD3000GraphicsGLDriver.bundle/Contents/MacOS/AppleIntelHD3000GraphicsGLDriver
0x00000001132f5000 	/System/Library/PrivateFrameworks/GPUSupport.framework/Versions/A/Libraries/libGPUSupport.dylib
0x0000000001715000 	/System/Library/Frameworks/OpenGL.framework/Versions/A/Resources/GLRendererFloat.bundle/GLRendererFloat
0x0000000001715000 	/System/Library/Frameworks/OpenCL.framework/Versions/A/Libraries/libcldcpuengine.dylib
0x000000011330a000 	/System/Library/Extensions/AppleHDA.kext/Contents/PlugIns/AppleHDAHALPlugIn.bundle/Contents/MacOS/AppleHDAHALPlugIn
0x0000000115905000 	/Library/Java/JavaVirtualMachines/jdk1.7.0_45.jdk/Contents/Home/jre/lib/libfontmanager.dylib
0x0000000115969000 	/System/Library/Frameworks/CoreMediaIO.framework/Resources/VDC.plugin/Contents/MacOS/VDC
0x0000000115626000 	/Library/Java/JavaVirtualMachines/jdk1.7.0_45.jdk/Contents/Home/jre/lib/libosxui.dylib
0x0000000115cf5000 	/System/Library/Frameworks/CoreMediaIO.framework/Resources/CMIOUnits.bundle/Contents/MacOS/CMIOUnits
0x0000000115e86000 	/System/Library/PrivateFrameworks/FWAVC.framework/Versions/A/FWAVC
0x000000011783d000 	/Library/Java/JavaVirtualMachines/jdk1.7.0_45.jdk/Contents/Home/jre/lib/libnet.dylib
0x0000000117852000 	/Library/Java/JavaVirtualMachines/jdk1.7.0_45.jdk/Contents/Home/jre/lib/libnio.dylib
0x0000000117b66000 	/System/Library/PrivateFrameworks/AppleGVA.framework/AppleGVA
0x0000000118183000 	/Library/Java/JavaVirtualMachines/jdk1.7.0_45.jdk/Contents/Home/jre/lib/libdcpr.dylib
0x000000011853b000 	/private/var/folders/l5/z25rqjfx1f9b9g4c0vmn_ks80000gn/T/javacpp1396655581400894000/libjniopencv_core.dylib
0x0000000117886000 	/private/var/folders/l5/z25rqjfx1f9b9g4c0vmn_ks80000gn/T/javacpp1396655581400894000/libjniopencv_imgproc.dylib

VM Arguments:
java_command: SmartBoard
Launcher Type: SUN_STANDARD

Environment Variables:
PATH=/usr/bin:/bin:/usr/sbin:/sbin:/usr/local/bin:/usr/texbin
SHELL=/bin/bash

Signal Handlers:
SIGSEGV: [libjvm.dylib+0x525415], sa_mask[0]=0xfffefeff, sa_flags=0x00000043
SIGBUS: [libjvm.dylib+0x525415], sa_mask[0]=0xfffefeff, sa_flags=0x00000042
SIGFPE: [libjvm.dylib+0x41891a], sa_mask[0]=0xfffefeff, sa_flags=0x00000042
SIGPIPE: [libjvm.dylib+0x41891a], sa_mask[0]=0xfffefeff, sa_flags=0x00000042
SIGXFSZ: [libjvm.dylib+0x41891a], sa_mask[0]=0xfffefeff, sa_flags=0x00000042
SIGILL: [libjvm.dylib+0x41891a], sa_mask[0]=0xfffefeff, sa_flags=0x00000042
SIGUSR1: SIG_DFL, sa_mask[0]=0x63807efb, sa_flags=0x00000000
SIGUSR2: [libjvm.dylib+0x41840c], sa_mask[0]=0x00000000, sa_flags=0x00000042
SIGHUP: [libjvm.dylib+0x41669b], sa_mask[0]=0xfffefeff, sa_flags=0x00000042
SIGINT: [libjvm.dylib+0x41669b], sa_mask[0]=0xfffefeff, sa_flags=0x00000042
SIGTERM: [libjvm.dylib+0x41669b], sa_mask[0]=0xfffefeff, sa_flags=0x00000042
SIGQUIT: [libjvm.dylib+0x41669b], sa_mask[0]=0xfffefeff, sa_flags=0x00000042


---------------  S Y S T E M  ---------------

OS:Bsduname:Darwin 13.1.0 Darwin Kernel Version 13.1.0: Thu Jan 16 19:40:37 PST 2014; root:xnu-2422.90.20~2/RELEASE_X86_64 x86_64
rlimit: STACK 8192k, CORE 0k, NPROC 709, NOFILE 10240, AS infinity
load average:2.33 1.86 1.61

CPU:total 4 (2 cores per cpu, 2 threads per core) family 6 model 42 stepping 7, cmov, cx8, fxsr, mmx, sse, sse2, sse3, ssse3, sse4.1, sse4.2, popcnt, avx, aes, ht, tsc, tscinvbit

Memory: 4k page, physical 4194304k(1048576k free)

/proc/meminfo:


vm_info: Java HotSpot(TM) 64-Bit Server VM (24.45-b08) for bsd-amd64 JRE (1.7.0_45-b18), built on Oct  8 2013 05:54:16 by "java_re" with gcc 4.2.1 (Based on Apple Inc. build 5658) (LLVM build 2336.11.00)

time: Fri Apr  4 19:53:09 2014
elapsed time: 8 seconds

